<?xml version="1.0" encoding="UTF-8"?>
<robot generator="Robot 4.1.2 (Python 3.8.10 on linux)" generated="20211214 05:37:06.083" rpa="false" schemaversion="2">
<suite id="s1" name="Test" source="/home/syafiqah/PycharmProjects/demo/test.robot">
<test id="s1-t1" name="Open Deriv">
<kw name="Login" library="login">
<arg>${my_email}</arg>
<arg>${my_pw}</arg>
<kw name="Open Browser" library="SeleniumLibrary">
<arg>url=https://app.deriv.com</arg>
<arg>browser=chrome</arg>
<doc>Opens a new browser instance to the optional ``url``.</doc>
<msg timestamp="20211214 05:37:06.168" level="INFO">Opening browser 'chrome' to base url 'https://app.deriv.com'.</msg>
<status status="PASS" starttime="20211214 05:37:06.168" endtime="20211214 05:37:17.007"/>
</kw>
<kw name="Set Window Size" library="SeleniumLibrary">
<arg>1280</arg>
<arg>1028</arg>
<doc>Sets current windows size to given ``width`` and ``height``.</doc>
<status status="PASS" starttime="20211214 05:37:17.008" endtime="20211214 05:37:17.210"/>
</kw>
<kw name="Wait Until Location Does Not Contain" library="SeleniumLibrary">
<arg>dt_core_header_acc-info-preloader</arg>
<doc>Waits until the current URL does not contains ``location``.</doc>
<status status="PASS" starttime="20211214 05:37:17.210" endtime="20211214 05:37:17.254"/>
</kw>
<kw name="Wait Until Page Contains Element" library="SeleniumLibrary">
<arg>${login_btn}</arg>
<arg>60</arg>
<doc>Waits until the element ``locator`` appears on the current page.</doc>
<status status="PASS" starttime="20211214 05:37:17.254" endtime="20211214 05:37:17.267"/>
</kw>
<kw name="Click Element" library="SeleniumLibrary">
<arg>${login_btn}</arg>
<doc>Click the element identified by ``locator``.</doc>
<msg timestamp="20211214 05:37:17.267" level="INFO">Clicking element 'dt_login_button'.</msg>
<status status="PASS" starttime="20211214 05:37:17.267" endtime="20211214 05:37:17.568"/>
</kw>
<kw name="Wait Until Page Contains Element" library="SeleniumLibrary">
<arg>${email_field}</arg>
<arg>15</arg>
<doc>Waits until the element ``locator`` appears on the current page.</doc>
<status status="PASS" starttime="20211214 05:37:17.568" endtime="20211214 05:37:25.184"/>
</kw>
<kw name="Input Text" library="SeleniumLibrary">
<arg>${email_field}</arg>
<arg>${email}</arg>
<doc>Types the given ``text`` into the text field identified by ``locator``.</doc>
<msg timestamp="20211214 05:37:25.185" level="INFO">Typing text 'syafiqah@besquare.com.my' into text field 'name=email'.</msg>
<status status="PASS" starttime="20211214 05:37:25.184" endtime="20211214 05:37:25.280"/>
</kw>
<kw name="Input Text" library="SeleniumLibrary">
<arg>${pw_field}</arg>
<arg>${pw}</arg>
<doc>Types the given ``text`` into the text field identified by ``locator``.</doc>
<msg timestamp="20211214 05:37:25.281" level="INFO">Typing text 'Besquare123' into text field '//*[@type="password"]'.</msg>
<status status="PASS" starttime="20211214 05:37:25.281" endtime="20211214 05:37:25.368"/>
</kw>
<kw name="Click Element" library="SeleniumLibrary">
<arg>${login_oauth_bt}</arg>
<doc>Click the element identified by ``locator``.</doc>
<msg timestamp="20211214 05:37:25.369" level="INFO">Clicking element '//*[text()="Log in"]'.</msg>
<status status="PASS" starttime="20211214 05:37:25.369" endtime="20211214 05:37:27.738"/>
</kw>
<kw name="Wait Until Page Does Not Contain Element" library="SeleniumLibrary">
<arg>dt_core_header_acc-info-preloader</arg>
<arg>90</arg>
<doc>Waits until the element ``locator`` disappears from the current page.</doc>
<status status="PASS" starttime="20211214 05:37:27.738" endtime="20211214 05:37:32.135"/>
</kw>
<kw name="Click Element" library="SeleniumLibrary">
<arg>//*[@id="dt_core_account-info_acc-info"]</arg>
<doc>Click the element identified by ``locator``.</doc>
<msg timestamp="20211214 05:37:32.135" level="INFO">Clicking element '//*[@id="dt_core_account-info_acc-info"]'.</msg>
<status status="PASS" starttime="20211214 05:37:32.135" endtime="20211214 05:37:32.191"/>
</kw>
<kw name="Click Element" library="SeleniumLibrary">
<arg>dt_core_account-switcher_demo-tab</arg>
<doc>Click the element identified by ``locator``.</doc>
<msg timestamp="20211214 05:37:32.191" level="INFO">Clicking element 'dt_core_account-switcher_demo-tab'.</msg>
<status status="PASS" starttime="20211214 05:37:32.191" endtime="20211214 05:37:32.237"/>
</kw>
<kw name="Click Element" library="SeleniumLibrary">
<arg>//*[@id="dt_VRTC4795354"]/span</arg>
<doc>Click the element identified by ``locator``.</doc>
<msg timestamp="20211214 05:37:32.238" level="INFO">Clicking element '//*[@id="dt_VRTC4795354"]/span'.</msg>
<status status="PASS" starttime="20211214 05:37:32.237" endtime="20211214 05:37:32.310"/>
</kw>
<kw name="Reload Page" library="SeleniumLibrary">
<doc>Simulates user reloading page.</doc>
<status status="PASS" starttime="20211214 05:37:32.310" endtime="20211214 05:37:32.318"/>
</kw>
<status status="PASS" starttime="20211214 05:37:06.167" endtime="20211214 05:37:32.318"/>
</kw>
<kw name="Multiplier" library="login">
<kw name="Wait Until Page Does Not Contain Element" library="SeleniumLibrary">
<arg>//*[@class="chart-container__loader"]</arg>
<arg>90</arg>
<doc>Waits until the element ``locator`` disappears from the current page.</doc>
<status status="PASS" starttime="20211214 05:37:32.319" endtime="20211214 05:37:38.121"/>
</kw>
<kw name="Wait Until Page Does Not Contain Element" library="SeleniumLibrary">
<arg>//*[text()="Loading interface..."]</arg>
<arg>60</arg>
<doc>Waits until the element ``locator`` disappears from the current page.</doc>
<status status="PASS" starttime="20211214 05:37:38.121" endtime="20211214 05:37:38.131"/>
</kw>
<kw name="Wait Until Page Contains Element" library="SeleniumLibrary">
<arg>//*[@class="cq-menu-btn"]</arg>
<arg>90</arg>
<doc>Waits until the element ``locator`` appears on the current page.</doc>
<status status="PASS" starttime="20211214 05:37:38.131" endtime="20211214 05:37:38.139"/>
</kw>
<kw name="Click Element" library="SeleniumLibrary">
<arg>//*[@class="cq-symbol-select-btn__container"]</arg>
<doc>Click the element identified by ``locator``.</doc>
<msg timestamp="20211214 05:37:38.139" level="INFO">Clicking element '//*[@class="cq-symbol-select-btn__container"]'.</msg>
<status status="PASS" starttime="20211214 05:37:38.139" endtime="20211214 05:37:38.186"/>
</kw>
<kw name="Click Element" library="SeleniumLibrary">
<arg>//*[text()="Synthetic Indices"]</arg>
<doc>Click the element identified by ``locator``.</doc>
<msg timestamp="20211214 05:37:38.186" level="INFO">Clicking element '//*[text()="Synthetic Indices"]'.</msg>
<status status="PASS" starttime="20211214 05:37:38.186" endtime="20211214 05:37:38.548"/>
</kw>
<kw name="Click Element" library="SeleniumLibrary">
<arg>//*[text()="Volatility 50 Index"]</arg>
<doc>Click the element identified by ``locator``.</doc>
<msg timestamp="20211214 05:37:38.550" level="INFO">Clicking element '//*[text()="Volatility 50 Index"]'.</msg>
<status status="PASS" starttime="20211214 05:37:38.549" endtime="20211214 05:37:38.667"/>
</kw>
<kw name="Wait Until Page Contains Element" library="SeleniumLibrary">
<arg>//*[@id="dt_contract_dropdown"]</arg>
<arg>60</arg>
<doc>Waits until the element ``locator`` appears on the current page.</doc>
<status status="PASS" starttime="20211214 05:37:38.667" endtime="20211214 05:37:40.133"/>
</kw>
<kw name="Click Element" library="SeleniumLibrary">
<arg>//*[@id="dt_contract_dropdown"]</arg>
<doc>Click the element identified by ``locator``.</doc>
<msg timestamp="20211214 05:37:40.134" level="INFO">Clicking element '//*[@id="dt_contract_dropdown"]'.</msg>
<status status="PASS" starttime="20211214 05:37:40.133" endtime="20211214 05:37:40.182"/>
</kw>
<kw name="Click Element" library="SeleniumLibrary">
<arg>//*[@id="dc_multipliers_link"]</arg>
<doc>Click the element identified by ``locator``.</doc>
<msg timestamp="20211214 05:37:40.183" level="INFO">Clicking element '//*[@id="dc_multipliers_link"]'.</msg>
<status status="PASS" starttime="20211214 05:37:40.182" endtime="20211214 05:37:40.339"/>
</kw>
<kw name="Click Element" library="SeleniumLibrary">
<arg>//*[@id="dt_contract_multiplier_item"]</arg>
<doc>Click the element identified by ``locator``.</doc>
<msg timestamp="20211214 05:37:40.340" level="INFO">Clicking element '//*[@id="dt_contract_multiplier_item"]'.</msg>
<status status="PASS" starttime="20211214 05:37:40.339" endtime="20211214 05:37:40.486"/>
</kw>
<kw name="Click Element" library="SeleniumLibrary">
<arg>//*[@class="dc-dropdown__container"]</arg>
<doc>Click the element identified by ``locator``.</doc>
<msg timestamp="20211214 05:37:40.487" level="INFO">Clicking element '//*[@class="dc-dropdown__container"]'.</msg>
<status status="PASS" starttime="20211214 05:37:40.486" endtime="20211214 05:37:40.621"/>
</kw>
<kw name="Page Should Contain" library="SeleniumLibrary">
<arg>//*[text()="x20"]</arg>
<doc>Verifies that current page contains ``text``.</doc>
<kw name="Capture Page Screenshot" library="SeleniumLibrary">
<doc>Takes a screenshot of the current page and embeds it into a log file.</doc>
<msg timestamp="20211214 05:37:40.844" level="INFO" html="true">&lt;/td&gt;&lt;/tr&gt;&lt;tr&gt;&lt;td colspan="3"&gt;&lt;a href="selenium-screenshot-66.png"&gt;&lt;img src="selenium-screenshot-66.png" width="800px"&gt;&lt;/a&gt;</msg>
<status status="PASS" starttime="20211214 05:37:40.745" endtime="20211214 05:37:40.844"/>
</kw>
<msg timestamp="20211214 05:37:40.847" level="FAIL">Page should have contained text '//*[text()="x20"]' but did not.</msg>
<status status="FAIL" starttime="20211214 05:37:40.621" endtime="20211214 05:37:40.847"/>
</kw>
<status status="FAIL" starttime="20211214 05:37:32.318" endtime="20211214 05:37:40.848"/>
</kw>
<status status="FAIL" starttime="20211214 05:37:06.167" endtime="20211214 05:37:40.848">Page should have contained text '//*[text()="x20"]' but did not.</status>
</test>
<status status="FAIL" starttime="20211214 05:37:06.084" endtime="20211214 05:37:40.850"/>
</suite>
<statistics>
<total>
<stat pass="0" fail="1" skip="0">All Tests</stat>
</total>
<tag>
</tag>
<suite>
<stat pass="0" fail="1" skip="0" id="s1" name="Test">Test</stat>
</suite>
</statistics>
<errors>
</errors>
</robot>
