<?xml version="1.0" encoding="UTF-8"?>
<robot generator="Robot 4.1.2 (Python 3.8.10 on linux)" generated="20211214 08:58:48.194" rpa="false" schemaversion="2">
<suite id="s1" name="Deactivate" source="/home/syafiqah/PycharmProjects/demo/deactivate.robot">
<test id="s1-t1" name="Token">
<kw name="Login" library="login">
<arg>${my_email}</arg>
<arg>${my_pw}</arg>
<kw name="Open Browser" library="SeleniumLibrary">
<arg>url=https://app.deriv.com</arg>
<arg>browser=chrome</arg>
<doc>Opens a new browser instance to the optional ``url``.</doc>
<msg timestamp="20211214 08:58:48.281" level="INFO">Opening browser 'chrome' to base url 'https://app.deriv.com'.</msg>
<status status="PASS" starttime="20211214 08:58:48.281" endtime="20211214 08:58:57.027"/>
</kw>
<kw name="Set Window Size" library="SeleniumLibrary">
<arg>1280</arg>
<arg>1028</arg>
<doc>Sets current windows size to given ``width`` and ``height``.</doc>
<status status="PASS" starttime="20211214 08:58:57.027" endtime="20211214 08:58:57.154"/>
</kw>
<kw name="Wait Until Location Does Not Contain" library="SeleniumLibrary">
<arg>dt_core_header_acc-info-preloader</arg>
<doc>Waits until the current URL does not contains ``location``.</doc>
<status status="PASS" starttime="20211214 08:58:57.154" endtime="20211214 08:58:57.159"/>
</kw>
<kw name="Wait Until Page Contains Element" library="SeleniumLibrary">
<arg>${login_btn}</arg>
<arg>60</arg>
<doc>Waits until the element ``locator`` appears on the current page.</doc>
<status status="PASS" starttime="20211214 08:58:57.159" endtime="20211214 08:58:57.170"/>
</kw>
<kw name="Click Element" library="SeleniumLibrary">
<arg>${login_btn}</arg>
<doc>Click the element identified by ``locator``.</doc>
<msg timestamp="20211214 08:58:57.171" level="INFO">Clicking element 'dt_login_button'.</msg>
<status status="PASS" starttime="20211214 08:58:57.171" endtime="20211214 08:58:59.930"/>
</kw>
<kw name="Wait Until Page Contains Element" library="SeleniumLibrary">
<arg>${email_field}</arg>
<arg>15</arg>
<doc>Waits until the element ``locator`` appears on the current page.</doc>
<status status="PASS" starttime="20211214 08:58:59.930" endtime="20211214 08:58:59.941"/>
</kw>
<kw name="Input Text" library="SeleniumLibrary">
<arg>${email_field}</arg>
<arg>${email}</arg>
<doc>Types the given ``text`` into the text field identified by ``locator``.</doc>
<msg timestamp="20211214 08:58:59.942" level="INFO">Typing text 'syafiqah@besquare.com.my' into text field 'name=email'.</msg>
<status status="PASS" starttime="20211214 08:58:59.941" endtime="20211214 08:58:59.994"/>
</kw>
<kw name="Input Text" library="SeleniumLibrary">
<arg>${pw_field}</arg>
<arg>${pw}</arg>
<doc>Types the given ``text`` into the text field identified by ``locator``.</doc>
<msg timestamp="20211214 08:58:59.994" level="INFO">Typing text 'Besquare123' into text field '//*[@type="password"]'.</msg>
<status status="PASS" starttime="20211214 08:58:59.994" endtime="20211214 08:59:00.044"/>
</kw>
<kw name="Click Element" library="SeleniumLibrary">
<arg>${login_oauth_bt}</arg>
<doc>Click the element identified by ``locator``.</doc>
<msg timestamp="20211214 08:59:00.044" level="INFO">Clicking element '//*[text()="Log in"]'.</msg>
<status status="PASS" starttime="20211214 08:59:00.044" endtime="20211214 08:59:02.055"/>
</kw>
<status status="PASS" starttime="20211214 08:58:48.280" endtime="20211214 08:59:02.055"/>
</kw>
<kw name="ChangeAccount" library="login">
<kw name="Wait Until Page Does Not Contain Element" library="SeleniumLibrary">
<arg>dt_core_header_acc-info-preloader</arg>
<arg>90</arg>
<doc>Waits until the element ``locator`` disappears from the current page.</doc>
<status status="PASS" starttime="20211214 08:59:02.055" endtime="20211214 08:59:05.648"/>
</kw>
<kw name="Click Element" library="SeleniumLibrary">
<arg>//*[@id="dt_core_account-info_acc-info"]</arg>
<doc>Click the element identified by ``locator``.</doc>
<msg timestamp="20211214 08:59:05.648" level="INFO">Clicking element '//*[@id="dt_core_account-info_acc-info"]'.</msg>
<status status="PASS" starttime="20211214 08:59:05.648" endtime="20211214 08:59:05.749"/>
</kw>
<kw name="Click Element" library="SeleniumLibrary">
<arg>dt_core_account-switcher_demo-tab</arg>
<doc>Click the element identified by ``locator``.</doc>
<msg timestamp="20211214 08:59:05.750" level="INFO">Clicking element 'dt_core_account-switcher_demo-tab'.</msg>
<status status="PASS" starttime="20211214 08:59:05.749" endtime="20211214 08:59:05.802"/>
</kw>
<kw name="Click Element" library="SeleniumLibrary">
<arg>//*[@id="dt_VRTC4795354"]/span</arg>
<doc>Click the element identified by ``locator``.</doc>
<msg timestamp="20211214 08:59:05.802" level="INFO">Clicking element '//*[@id="dt_VRTC4795354"]/span'.</msg>
<status status="PASS" starttime="20211214 08:59:05.802" endtime="20211214 08:59:05.875"/>
</kw>
<kw name="Reload Page" library="SeleniumLibrary">
<doc>Simulates user reloading page.</doc>
<status status="PASS" starttime="20211214 08:59:05.876" endtime="20211214 08:59:05.881"/>
</kw>
<status status="PASS" starttime="20211214 08:59:02.055" endtime="20211214 08:59:05.881"/>
</kw>
<kw name="Wait Until Page Does Not Contain Element" library="SeleniumLibrary">
<arg>dt_core_header_acc-info-preloader</arg>
<arg>90</arg>
<doc>Waits until the element ``locator`` disappears from the current page.</doc>
<status status="PASS" starttime="20211214 08:59:05.882" endtime="20211214 08:59:10.651"/>
</kw>
<kw name="Click Element" library="SeleniumLibrary">
<arg>//*[@id="dt_core_header_acc-info-container"]/div[2]/div</arg>
<doc>Click the element identified by ``locator``.</doc>
<msg timestamp="20211214 08:59:10.651" level="INFO">Clicking element '//*[@id="dt_core_header_acc-info-container"]/div[2]/div'.</msg>
<status status="PASS" starttime="20211214 08:59:10.651" endtime="20211214 08:59:10.754"/>
</kw>
<kw name="Wait Until Page Contains Element" library="SeleniumLibrary">
<arg>//*[@id="/account/deactivate-account"]</arg>
<arg>60</arg>
<doc>Waits until the element ``locator`` appears on the current page.</doc>
<status status="PASS" starttime="20211214 08:59:10.754" endtime="20211214 08:59:12.467"/>
</kw>
<kw name="Click Element" library="SeleniumLibrary">
<arg>//*[@id="/account/deactivate-account"]</arg>
<doc>Click the element identified by ``locator``.</doc>
<msg timestamp="20211214 08:59:12.468" level="INFO">Clicking element '//*[@id="/account/deactivate-account"]'.</msg>
<status status="PASS" starttime="20211214 08:59:12.467" endtime="20211214 08:59:12.546"/>
</kw>
<kw name="Wait Until Page Contains Element" library="SeleniumLibrary">
<arg>//*[@id="app_contents"]/div/div/div/div/div[2]/div/div[2]/div/div/div/button</arg>
<doc>Waits until the element ``locator`` appears on the current page.</doc>
<status status="PASS" starttime="20211214 08:59:12.546" endtime="20211214 08:59:12.558"/>
</kw>
<kw name="Click Element" library="SeleniumLibrary">
<arg>//*[@id="app_contents"]/div/div/div/div/div[2]/div/div[2]/div/div/div/button</arg>
<doc>Click the element identified by ``locator``.</doc>
<msg timestamp="20211214 08:59:12.558" level="INFO">Clicking element '//*[@id="app_contents"]/div/div/div/div/div[2]/div/div[2]/div/div/div/button'.</msg>
<status status="PASS" starttime="20211214 08:59:12.558" endtime="20211214 08:59:12.601"/>
</kw>
<kw name="Reasons" library="deactivatecases">
<kw name="Wait Until Page Contains Element" library="SeleniumLibrary">
<arg>//*[@id="app_contents"]/div/div/div/div/div[2]/div/div[2]/div/div/div/form/label[1]</arg>
<doc>Waits until the element ``locator`` appears on the current page.</doc>
<status status="PASS" starttime="20211214 08:59:12.602" endtime="20211214 08:59:12.613"/>
</kw>
<kw name="Click Element" library="SeleniumLibrary">
<arg>//*[@id="app_contents"]/div/div/div/div/div[2]/div/div[2]/div/div/div/form/label[1]</arg>
<doc>Click the element identified by ``locator``.</doc>
<msg timestamp="20211214 08:59:12.613" level="INFO">Clicking element '//*[@id="app_contents"]/div/div/div/div/div[2]/div/div[2]/div/div/div/form/label[1]'.</msg>
<status status="PASS" starttime="20211214 08:59:12.613" endtime="20211214 08:59:12.652"/>
</kw>
<kw name="Wait Until Page Contains Element" library="SeleniumLibrary">
<arg>//*[@id="app_contents"]/div/div/div/div/div[2]/div/div[2]/div/div/div/form/label[2]</arg>
<doc>Waits until the element ``locator`` appears on the current page.</doc>
<status status="PASS" starttime="20211214 08:59:12.652" endtime="20211214 08:59:12.663"/>
</kw>
<kw name="Click Element" library="SeleniumLibrary">
<arg>//*[@id="app_contents"]/div/div/div/div/div[2]/div/div[2]/div/div/div/form/label[2]</arg>
<doc>Click the element identified by ``locator``.</doc>
<msg timestamp="20211214 08:59:12.663" level="INFO">Clicking element '//*[@id="app_contents"]/div/div/div/div/div[2]/div/div[2]/div/div/div/form/label[2]'.</msg>
<status status="PASS" starttime="20211214 08:59:12.663" endtime="20211214 08:59:12.701"/>
</kw>
<kw name="Wait Until Page Contains Element" library="SeleniumLibrary">
<arg>//*[@id="app_contents"]/div/div/div/div/div[2]/div/div[2]/div/div/div/form/label[3]</arg>
<doc>Waits until the element ``locator`` appears on the current page.</doc>
<status status="PASS" starttime="20211214 08:59:12.702" endtime="20211214 08:59:12.710"/>
</kw>
<kw name="Click Element" library="SeleniumLibrary">
<arg>//*[@id="app_contents"]/div/div/div/div/div[2]/div/div[2]/div/div/div/form/label[3]</arg>
<doc>Click the element identified by ``locator``.</doc>
<msg timestamp="20211214 08:59:12.710" level="INFO">Clicking element '//*[@id="app_contents"]/div/div/div/div/div[2]/div/div[2]/div/div/div/form/label[3]'.</msg>
<status status="PASS" starttime="20211214 08:59:12.710" endtime="20211214 08:59:12.742"/>
</kw>
<status status="PASS" starttime="20211214 08:59:12.602" endtime="20211214 08:59:12.743"/>
</kw>
<status status="PASS" starttime="20211214 08:58:48.280" endtime="20211214 08:59:12.743"/>
</test>
<status status="PASS" starttime="20211214 08:58:48.195" endtime="20211214 08:59:12.743"/>
</suite>
<statistics>
<total>
<stat pass="1" fail="0" skip="0">All Tests</stat>
</total>
<tag>
</tag>
<suite>
<stat pass="1" fail="0" skip="0" id="s1" name="Deactivate">Deactivate</stat>
</suite>
</statistics>
<errors>
</errors>
</robot>
